probe 211 430 990 reach bucket: 8 elements
199 418 902 
200 756 929 
334 683 503 
270 473 811 
4 891 873 
94 940 449 
235 668 519 
477 670 428 
probe 385 991 921 reach bucket: 8 elements
199 418 902 
200 756 929 
334 683 503 
270 473 811 
4 891 873 
94 940 449 
235 668 519 
477 670 428 
probe 687 358 731 reach bucket: 8 elements
615 47 849 
682 323 735 
764 300 691 
672 553 947 
837 388 915 
833 465 757 
634 610 793 
799 27 701 
probe 800 148 105 reach bucket: 8 elements
887 69 72 
994 100 567 
626 554 603 
990 44 483 
799 614 199 
939 310 671 
580 396 70 
990 534 612 
probe 854 484 753 reach bucket: 8 elements
615 47 849 
682 323 735 
764 300 691 
672 553 947 
837 388 915 
833 465 757 
634 610 793 
799 27 701 
probe 274 368 52 reach bucket: 8 elements
450 383 243 
133 57 228 
34 215 156 
332 70 59 
445 254 330 
54 193 421 
296 95 433 
218 249 173 
probe 903 804 969 reach bucket: 8 elements
946 812 716 
865 806 586 
586 836 508 
798 801 645 
965 764 621 
494 728 918 
619 738 623 
687 865 843 
probe 18 77 308 reach bucket: 8 elements
450 383 243 
133 57 228 
34 215 156 
332 70 59 
445 254 330 
54 193 421 
296 95 433 
218 249 173 
probe 818 448 286 reach bucket: 8 elements
887 69 72 
994 100 567 
626 554 603 
990 44 483 
799 614 199 
939 310 671 
580 396 70 
990 534 612 
probe 425 673 234 reach bucket: 8 elements
72 521 228 
441 697 210 
125 415 108 
111 851 38 
199 886 320 
175 975 114 
39 798 14 
39 440 112 
